{"/home/dirk/dev/signalk-backup-server/src/api/openapi-registry.ts": {"path":"/home/dirk/dev/signalk-backup-server/src/api/openapi-registry.ts","statementMap":{"0":{"start":{"line":25,"column":6},"end":{"line":25,"column":46}},"1":{"start":{"line":26,"column":20},"end":{"line":26,"column":49}},"2":{"start":{"line":72,"column":31},"end":{"line":72,"column":33}},"3":{"start":{"line":75,"column":25},"end":{"line":75,"column":51}},"4":{"start":{"line":82,"column":14},"end":{"line":82,"column":null}},"5":{"start":{"line":83,"column":2},"end":{"line":84,"column":null}},"6":{"start":{"line":84,"column":4},"end":{"line":84,"column":null}},"7":{"start":{"line":113,"column":8},"end":{"line":113,"column":25}},"8":{"start":{"line":114,"column":15},"end":{"line":114,"column":null}},"9":{"start":{"line":123,"column":4},"end":{"line":123,"column":null}},"10":{"start":{"line":123,"column":19},"end":{"line":123,"column":null}},"11":{"start":{"line":124,"column":4},"end":{"line":124,"column":null}},"12":{"start":{"line":124,"column":21},"end":{"line":124,"column":null}},"13":{"start":{"line":125,"column":4},"end":{"line":125,"column":null}},"14":{"start":{"line":125,"column":20},"end":{"line":125,"column":null}},"15":{"start":{"line":127,"column":4},"end":{"line":133,"column":null}},"16":{"start":{"line":135,"column":42},"end":{"line":135,"column":44}},"17":{"start":{"line":137,"column":4},"end":{"line":144,"column":null}},"18":{"start":{"line":138,"column":6},"end":{"line":144,"column":null}},"19":{"start":{"line":147,"column":4},"end":{"line":147,"column":null}},"20":{"start":{"line":148,"column":4},"end":{"line":148,"column":null}},"21":{"start":{"line":151,"column":25},"end":{"line":162,"column":null}},"22":{"start":{"line":154,"column":38},"end":{"line":154,"column":75}},"23":{"start":{"line":155,"column":39},"end":{"line":155,"column":77}},"24":{"start":{"line":156,"column":38},"end":{"line":156,"column":75}},"25":{"start":{"line":157,"column":41},"end":{"line":157,"column":81}},"26":{"start":{"line":158,"column":40},"end":{"line":158,"column":79}},"27":{"start":{"line":160,"column":6},"end":{"line":160,"column":null}},"28":{"start":{"line":164,"column":2},"end":{"line":164,"column":null}},"29":{"start":{"line":172,"column":2},"end":{"line":172,"column":null}},"30":{"start":{"line":175,"column":2},"end":{"line":177,"column":null}},"31":{"start":{"line":176,"column":4},"end":{"line":177,"column":null}},"32":{"start":{"line":177,"column":6},"end":{"line":177,"column":null}},"33":{"start":{"line":187,"column":2},"end":{"line":189,"column":null}},"34":{"start":{"line":188,"column":4},"end":{"line":189,"column":null}},"35":{"start":{"line":189,"column":6},"end":{"line":189,"column":null}},"36":{"start":{"line":196,"column":2},"end":{"line":196,"column":null}},"37":{"start":{"line":204,"column":49},"end":{"line":204,"column":51}},"38":{"start":{"line":205,"column":22},"end":{"line":205,"column":null}},"39":{"start":{"line":208,"column":21},"end":{"line":208,"column":83}},"40":{"start":{"line":210,"column":2},"end":{"line":210,"column":null}},"41":{"start":{"line":210,"column":19},"end":{"line":210,"column":null}},"42":{"start":{"line":212,"column":2},"end":{"line":219,"column":null}},"43":{"start":{"line":213,"column":4},"end":{"line":219,"column":null}},"44":{"start":{"line":222,"column":2},"end":{"line":222,"column":null}},"45":{"start":{"line":227,"column":2},"end":{"line":234,"column":null}},"46":{"start":{"line":241,"column":17},"end":{"line":241,"column":42}},"47":{"start":{"line":242,"column":50},"end":{"line":248,"column":null}},"48":{"start":{"line":250,"column":2},"end":{"line":253,"column":null}},"49":{"start":{"line":251,"column":4},"end":{"line":253,"column":null}},"50":{"start":{"line":252,"column":6},"end":{"line":253,"column":null}},"51":{"start":{"line":253,"column":8},"end":{"line":253,"column":null}},"52":{"start":{"line":258,"column":57},"end":{"line":258,"column":59}},"53":{"start":{"line":260,"column":2},"end":{"line":310,"column":null}},"54":{"start":{"line":261,"column":21},"end":{"line":261,"column":61}},"55":{"start":{"line":262,"column":4},"end":{"line":263,"column":null}},"56":{"start":{"line":263,"column":6},"end":{"line":263,"column":null}},"57":{"start":{"line":266,"column":47},"end":{"line":269,"column":null}},"58":{"start":{"line":271,"column":4},"end":{"line":272,"column":null}},"59":{"start":{"line":272,"column":6},"end":{"line":272,"column":null}},"60":{"start":{"line":275,"column":4},"end":{"line":276,"column":null}},"61":{"start":{"line":276,"column":6},"end":{"line":276,"column":null}},"62":{"start":{"line":279,"column":55},"end":{"line":279,"column":57}},"63":{"start":{"line":280,"column":4},"end":{"line":281,"column":null}},"64":{"start":{"line":281,"column":6},"end":{"line":281,"column":null}},"65":{"start":{"line":283,"column":4},"end":{"line":284,"column":null}},"66":{"start":{"line":284,"column":6},"end":{"line":284,"column":null}},"67":{"start":{"line":286,"column":4},"end":{"line":287,"column":null}},"68":{"start":{"line":287,"column":6},"end":{"line":287,"column":null}},"69":{"start":{"line":290,"column":4},"end":{"line":293,"column":null}},"70":{"start":{"line":291,"column":6},"end":{"line":291,"column":null}},"71":{"start":{"line":292,"column":11},"end":{"line":293,"column":null}},"72":{"start":{"line":293,"column":6},"end":{"line":293,"column":null}},"73":{"start":{"line":296,"column":4},"end":{"line":307,"column":null}},"74":{"start":{"line":297,"column":53},"end":{"line":297,"column":55}},"75":{"start":{"line":298,"column":6},"end":{"line":299,"column":null}},"76":{"start":{"line":299,"column":8},"end":{"line":299,"column":null}},"77":{"start":{"line":301,"column":6},"end":{"line":301,"column":null}},"78":{"start":{"line":304,"column":6},"end":{"line":307,"column":null}},"79":{"start":{"line":310,"column":4},"end":{"line":310,"column":null}},"80":{"start":{"line":313,"column":43},"end":{"line":313,"column":45}},"81":{"start":{"line":314,"column":2},"end":{"line":315,"column":null}},"82":{"start":{"line":315,"column":4},"end":{"line":315,"column":null}},"83":{"start":{"line":318,"column":2},"end":{"line":358,"column":null}},"84":{"start":{"line":352,"column":62},"end":{"line":355,"column":7}}},"fnMap":{"0":{"name":"registerSchema","decl":{"start":{"line":81,"column":16},"end":{"line":81,"column":31}},"loc":{"start":{"line":81,"column":54},"end":{"line":84,"column":null}},"line":81},"1":{"name":"createApiRouter","decl":{"start":{"line":112,"column":16},"end":{"line":112,"column":32}},"loc":{"start":{"line":112,"column":63},"end":{"line":164,"column":null}},"line":112},"2":{"name":"register","decl":{"start":{"line":116,"column":11},"end":{"line":116,"column":null}},"loc":{"start":{"line":121,"column":10},"end":{"line":148,"column":null}},"line":121},"3":{"name":"(anonymous_3)","decl":{"start":{"line":154,"column":4},"end":{"line":154,"column":10}},"loc":{"start":{"line":154,"column":38},"end":{"line":154,"column":75}},"line":154},"4":{"name":"(anonymous_4)","decl":{"start":{"line":155,"column":4},"end":{"line":155,"column":11}},"loc":{"start":{"line":155,"column":39},"end":{"line":155,"column":77}},"line":155},"5":{"name":"(anonymous_5)","decl":{"start":{"line":156,"column":4},"end":{"line":156,"column":10}},"loc":{"start":{"line":156,"column":38},"end":{"line":156,"column":75}},"line":156},"6":{"name":"(anonymous_6)","decl":{"start":{"line":157,"column":4},"end":{"line":157,"column":13}},"loc":{"start":{"line":157,"column":41},"end":{"line":157,"column":81}},"line":157},"7":{"name":"(anonymous_7)","decl":{"start":{"line":158,"column":4},"end":{"line":158,"column":12}},"loc":{"start":{"line":158,"column":40},"end":{"line":158,"column":79}},"line":158},"8":{"name":"(anonymous_8)","decl":{"start":{"line":159,"column":4},"end":{"line":159,"column":16}},"loc":{"start":{"line":159,"column":30},"end":{"line":160,"column":null}},"line":159},"9":{"name":"setRoutePrefix","decl":{"start":{"line":171,"column":16},"end":{"line":171,"column":31}},"loc":{"start":{"line":171,"column":69},"end":{"line":177,"column":null}},"line":171},"10":{"name":"setRoutePrefixByTag","decl":{"start":{"line":186,"column":16},"end":{"line":186,"column":36}},"loc":{"start":{"line":186,"column":71},"end":{"line":189,"column":null}},"line":186},"11":{"name":"toOpenApiPath","decl":{"start":{"line":195,"column":9},"end":{"line":195,"column":23}},"loc":{"start":{"line":195,"column":52},"end":{"line":196,"column":null}},"line":195},"12":{"name":"schemaToParameters","decl":{"start":{"line":200,"column":9},"end":{"line":200,"column":null}},"loc":{"start":{"line":203,"column":34},"end":{"line":222,"column":null}},"line":203},"13":{"name":"bodyToRequestBody","decl":{"start":{"line":226,"column":9},"end":{"line":226,"column":27}},"loc":{"start":{"line":226,"column":60},"end":{"line":234,"column":null}},"line":226},"14":{"name":"generateOpenApiDocument","decl":{"start":{"line":240,"column":16},"end":{"line":240,"column":67}},"loc":{"start":{"line":240,"column":67},"end":{"line":358,"column":null}},"line":240},"15":{"name":"(anonymous_15)","decl":{"start":{"line":352,"column":32},"end":{"line":352,"column":37}},"loc":{"start":{"line":352,"column":62},"end":{"line":355,"column":7}},"line":352}},"branchMap":{"0":{"loc":{"start":{"line":83,"column":2},"end":{"line":84,"column":null}},"type":"if","locations":[{"start":{"line":83,"column":2},"end":{"line":84,"column":null}},{"start":{},"end":{}}],"line":83},"1":{"loc":{"start":{"line":123,"column":4},"end":{"line":123,"column":null}},"type":"if","locations":[{"start":{"line":123,"column":4},"end":{"line":123,"column":null}},{"start":{},"end":{}}],"line":123},"2":{"loc":{"start":{"line":124,"column":4},"end":{"line":124,"column":null}},"type":"if","locations":[{"start":{"line":124,"column":4},"end":{"line":124,"column":null}},{"start":{},"end":{}}],"line":124},"3":{"loc":{"start":{"line":125,"column":4},"end":{"line":125,"column":null}},"type":"if","locations":[{"start":{"line":125,"column":4},"end":{"line":125,"column":null}},{"start":{},"end":{}}],"line":125},"4":{"loc":{"start":{"line":132,"column":12},"end":{"line":132,"column":null}},"type":"binary-expr","locations":[{"start":{"line":132,"column":12},"end":{"line":132,"column":25}},{"start":{"line":132,"column":25},"end":{"line":132,"column":null}}],"line":132},"5":{"loc":{"start":{"line":137,"column":4},"end":{"line":144,"column":null}},"type":"if","locations":[{"start":{"line":137,"column":4},"end":{"line":144,"column":null}},{"start":{},"end":{}}],"line":137},"6":{"loc":{"start":{"line":137,"column":8},"end":{"line":137,"column":48}},"type":"binary-expr","locations":[{"start":{"line":137,"column":8},"end":{"line":137,"column":21}},{"start":{"line":137,"column":21},"end":{"line":137,"column":36}},{"start":{"line":137,"column":36},"end":{"line":137,"column":48}}],"line":137},"7":{"loc":{"start":{"line":176,"column":4},"end":{"line":177,"column":null}},"type":"if","locations":[{"start":{"line":176,"column":4},"end":{"line":177,"column":null}},{"start":{},"end":{}}],"line":176},"8":{"loc":{"start":{"line":176,"column":8},"end":{"line":176,"column":68}},"type":"binary-expr","locations":[{"start":{"line":176,"column":8},"end":{"line":176,"column":43}},{"start":{"line":176,"column":47},"end":{"line":176,"column":68}}],"line":176},"9":{"loc":{"start":{"line":188,"column":4},"end":{"line":189,"column":null}},"type":"if","locations":[{"start":{"line":188,"column":4},"end":{"line":189,"column":null}},{"start":{},"end":{}}],"line":188},"10":{"loc":{"start":{"line":188,"column":8},"end":{"line":188,"column":57}},"type":"binary-expr","locations":[{"start":{"line":188,"column":8},"end":{"line":188,"column":32}},{"start":{"line":188,"column":36},"end":{"line":188,"column":57}}],"line":188},"11":{"loc":{"start":{"line":208,"column":21},"end":{"line":208,"column":83}},"type":"binary-expr","locations":[{"start":{"line":208,"column":21},"end":{"line":208,"column":81}},{"start":{"line":208,"column":81},"end":{"line":208,"column":83}}],"line":208},"12":{"loc":{"start":{"line":210,"column":2},"end":{"line":210,"column":null}},"type":"if","locations":[{"start":{"line":210,"column":2},"end":{"line":210,"column":null}},{"start":{},"end":{}}],"line":210},"13":{"loc":{"start":{"line":216,"column":16},"end":{"line":216,"column":68}},"type":"cond-expr","locations":[{"start":{"line":216,"column":38},"end":{"line":216,"column":45}},{"start":{"line":216,"column":45},"end":{"line":216,"column":68}}],"line":216},"14":{"loc":{"start":{"line":252,"column":6},"end":{"line":253,"column":null}},"type":"if","locations":[{"start":{"line":252,"column":6},"end":{"line":253,"column":null}},{"start":{},"end":{}}],"line":252},"15":{"loc":{"start":{"line":253,"column":24},"end":{"line":253,"column":51}},"type":"binary-expr","locations":[{"start":{"line":253,"column":24},"end":{"line":253,"column":48}},{"start":{"line":253,"column":48},"end":{"line":253,"column":51}}],"line":253},"16":{"loc":{"start":{"line":262,"column":4},"end":{"line":263,"column":null}},"type":"if","locations":[{"start":{"line":262,"column":4},"end":{"line":263,"column":null}},{"start":{},"end":{}}],"line":262},"17":{"loc":{"start":{"line":271,"column":4},"end":{"line":272,"column":null}},"type":"if","locations":[{"start":{"line":271,"column":4},"end":{"line":272,"column":null}},{"start":{},"end":{}}],"line":271},"18":{"loc":{"start":{"line":275,"column":4},"end":{"line":276,"column":null}},"type":"if","locations":[{"start":{"line":275,"column":4},"end":{"line":276,"column":null}},{"start":{},"end":{}}],"line":275},"19":{"loc":{"start":{"line":280,"column":4},"end":{"line":281,"column":null}},"type":"if","locations":[{"start":{"line":280,"column":4},"end":{"line":281,"column":null}},{"start":{},"end":{}}],"line":280},"20":{"loc":{"start":{"line":283,"column":4},"end":{"line":284,"column":null}},"type":"if","locations":[{"start":{"line":283,"column":4},"end":{"line":284,"column":null}},{"start":{},"end":{}}],"line":283},"21":{"loc":{"start":{"line":286,"column":4},"end":{"line":287,"column":null}},"type":"if","locations":[{"start":{"line":286,"column":4},"end":{"line":287,"column":null}},{"start":{},"end":{}}],"line":286},"22":{"loc":{"start":{"line":290,"column":4},"end":{"line":293,"column":null}},"type":"if","locations":[{"start":{"line":290,"column":4},"end":{"line":293,"column":null}},{"start":{"line":292,"column":11},"end":{"line":293,"column":null}}],"line":290},"23":{"loc":{"start":{"line":292,"column":11},"end":{"line":293,"column":null}},"type":"if","locations":[{"start":{"line":292,"column":11},"end":{"line":293,"column":null}},{"start":{},"end":{}}],"line":292},"24":{"loc":{"start":{"line":296,"column":4},"end":{"line":307,"column":null}},"type":"if","locations":[{"start":{"line":296,"column":4},"end":{"line":307,"column":null}},{"start":{"line":302,"column":11},"end":{"line":307,"column":null}}],"line":296},"25":{"loc":{"start":{"line":322,"column":15},"end":{"line":322,"column":null}},"type":"binary-expr","locations":[{"start":{"line":322,"column":15},"end":{"line":322,"column":38}},{"start":{"line":322,"column":38},"end":{"line":322,"column":null}}],"line":322},"26":{"loc":{"start":{"line":354,"column":10},"end":{"line":354,"column":null}},"type":"cond-expr","locations":[{"start":{"line":354,"column":24},"end":{"line":354,"column":39}},{"start":{"line":354,"column":42},"end":{"line":354,"column":null}}],"line":354},"27":{"loc":{"start":{"line":357,"column":8},"end":{"line":357,"column":null}},"type":"cond-expr","locations":[{"start":{"line":357,"column":42},"end":{"line":357,"column":69}},{"start":{"line":357,"column":72},"end":{"line":357,"column":null}}],"line":357}},"s":{"0":1,"1":1,"2":1,"3":1,"4":4,"5":4,"6":2,"7":8,"8":8,"9":9,"10":2,"11":9,"12":1,"13":9,"14":1,"15":9,"16":9,"17":9,"18":4,"19":9,"20":9,"21":8,"22":5,"23":2,"24":1,"25":1,"26":0,"27":0,"28":8,"29":0,"30":0,"31":0,"32":0,"33":7,"34":32,"35":9,"36":35,"37":9,"38":9,"39":9,"40":9,"41":0,"42":9,"43":12,"44":9,"45":11,"46":8,"47":8,"48":8,"49":35,"50":35,"51":31,"52":8,"53":8,"54":35,"55":35,"56":31,"57":35,"58":35,"59":0,"60":35,"61":0,"62":35,"63":35,"64":6,"65":35,"66":3,"67":35,"68":9,"69":35,"70":0,"71":35,"72":11,"73":35,"74":35,"75":35,"76":35,"77":35,"78":0,"79":35,"80":8,"81":8,"82":11,"83":8,"84":31},"f":{"0":4,"1":8,"2":9,"3":5,"4":2,"5":1,"6":1,"7":0,"8":0,"9":0,"10":7,"11":35,"12":9,"13":11,"14":8,"15":31},"b":{"0":[2,2],"1":[2,7],"2":[1,8],"3":[1,8],"4":[9,9],"5":[4,5],"6":[9,7,6],"7":[0,0],"8":[0,0],"9":[9,23],"10":[32,9],"11":[9,3],"12":[0,9],"13":[6,6],"14":[31,4],"15":[31,31],"16":[31,4],"17":[0,35],"18":[0,35],"19":[6,29],"20":[3,32],"21":[9,26],"22":[0,35],"23":[11,24],"24":[35,0],"25":[8,0],"26":[0,31],"27":[7,1]},"meta":{"lastBranch":28,"lastFunction":16,"lastStatement":85,"seen":{"s:25:6:25:46":0,"s:26:20:26:49":1,"s:72:31:72:33":2,"s:75:25:75:51":3,"f:81:16:81:31":0,"s:82:14:82:Infinity":4,"b:83:2:84:Infinity:undefined:undefined:undefined:undefined":0,"s:83:2:84:Infinity":5,"s:84:4:84:Infinity":6,"f:112:16:112:32":1,"s:113:8:113:25":7,"s:114:15:114:Infinity":8,"f:116:11:116:Infinity":2,"b:123:4:123:Infinity:undefined:undefined:undefined:undefined":1,"s:123:4:123:Infinity":9,"s:123:19:123:Infinity":10,"b:124:4:124:Infinity:undefined:undefined:undefined:undefined":2,"s:124:4:124:Infinity":11,"s:124:21:124:Infinity":12,"b:125:4:125:Infinity:undefined:undefined:undefined:undefined":3,"s:125:4:125:Infinity":13,"s:125:20:125:Infinity":14,"s:127:4:133:Infinity":15,"b:132:12:132:25:132:25:132:Infinity":4,"s:135:42:135:44":16,"b:137:4:144:Infinity:undefined:undefined:undefined:undefined":5,"s:137:4:144:Infinity":17,"b:137:8:137:21:137:21:137:36:137:36:137:48":6,"s:138:6:144:Infinity":18,"s:147:4:147:Infinity":19,"s:148:4:148:Infinity":20,"s:151:25:162:Infinity":21,"f:154:4:154:10":3,"s:154:38:154:75":22,"f:155:4:155:11":4,"s:155:39:155:77":23,"f:156:4:156:10":5,"s:156:38:156:75":24,"f:157:4:157:13":6,"s:157:41:157:81":25,"f:158:4:158:12":7,"s:158:40:158:79":26,"f:159:4:159:16":8,"s:160:6:160:Infinity":27,"s:164:2:164:Infinity":28,"f:171:16:171:31":9,"s:172:2:172:Infinity":29,"s:175:2:177:Infinity":30,"b:176:4:177:Infinity:undefined:undefined:undefined:undefined":7,"s:176:4:177:Infinity":31,"b:176:8:176:43:176:47:176:68":8,"s:177:6:177:Infinity":32,"f:186:16:186:36":10,"s:187:2:189:Infinity":33,"b:188:4:189:Infinity:undefined:undefined:undefined:undefined":9,"s:188:4:189:Infinity":34,"b:188:8:188:32:188:36:188:57":10,"s:189:6:189:Infinity":35,"f:195:9:195:23":11,"s:196:2:196:Infinity":36,"f:200:9:200:Infinity":12,"s:204:49:204:51":37,"s:205:22:205:Infinity":38,"s:208:21:208:83":39,"b:208:21:208:81:208:81:208:83":11,"b:210:2:210:Infinity:undefined:undefined:undefined:undefined":12,"s:210:2:210:Infinity":40,"s:210:19:210:Infinity":41,"s:212:2:219:Infinity":42,"s:213:4:219:Infinity":43,"b:216:38:216:45:216:45:216:68":13,"s:222:2:222:Infinity":44,"f:226:9:226:27":13,"s:227:2:234:Infinity":45,"f:240:16:240:67":14,"s:241:17:241:42":46,"s:242:50:248:Infinity":47,"s:250:2:253:Infinity":48,"s:251:4:253:Infinity":49,"b:252:6:253:Infinity:undefined:undefined:undefined:undefined":14,"s:252:6:253:Infinity":50,"s:253:8:253:Infinity":51,"b:253:24:253:48:253:48:253:51":15,"s:258:57:258:59":52,"s:260:2:310:Infinity":53,"s:261:21:261:61":54,"b:262:4:263:Infinity:undefined:undefined:undefined:undefined":16,"s:262:4:263:Infinity":55,"s:263:6:263:Infinity":56,"s:266:47:269:Infinity":57,"b:271:4:272:Infinity:undefined:undefined:undefined:undefined":17,"s:271:4:272:Infinity":58,"s:272:6:272:Infinity":59,"b:275:4:276:Infinity:undefined:undefined:undefined:undefined":18,"s:275:4:276:Infinity":60,"s:276:6:276:Infinity":61,"s:279:55:279:57":62,"b:280:4:281:Infinity:undefined:undefined:undefined:undefined":19,"s:280:4:281:Infinity":63,"s:281:6:281:Infinity":64,"b:283:4:284:Infinity:undefined:undefined:undefined:undefined":20,"s:283:4:284:Infinity":65,"s:284:6:284:Infinity":66,"b:286:4:287:Infinity:undefined:undefined:undefined:undefined":21,"s:286:4:287:Infinity":67,"s:287:6:287:Infinity":68,"b:290:4:293:Infinity:292:11:293:Infinity":22,"s:290:4:293:Infinity":69,"s:291:6:291:Infinity":70,"b:292:11:293:Infinity:undefined:undefined:undefined:undefined":23,"s:292:11:293:Infinity":71,"s:293:6:293:Infinity":72,"b:296:4:307:Infinity:302:11:307:Infinity":24,"s:296:4:307:Infinity":73,"s:297:53:297:55":74,"s:298:6:299:Infinity":75,"s:299:8:299:Infinity":76,"s:301:6:301:Infinity":77,"s:304:6:307:Infinity":78,"s:310:4:310:Infinity":79,"s:313:43:313:45":80,"s:314:2:315:Infinity":81,"s:315:4:315:Infinity":82,"s:318:2:358:Infinity":83,"b:322:15:322:38:322:38:322:Infinity":25,"f:352:32:352:37":15,"s:352:62:355:7":84,"b:354:24:354:39:354:42:354:Infinity":26,"b:357:42:357:69:357:72:357:Infinity":27}}}
,"/home/dirk/dev/signalk-backup-server/src/middleware/validate.ts": {"path":"/home/dirk/dev/signalk-backup-server/src/middleware/validate.ts","statementMap":{"0":{"start":{"line":29,"column":2},"end":{"line":105,"column":null}},"1":{"start":{"line":30,"column":61},"end":{"line":30,"column":63}},"2":{"start":{"line":32,"column":4},"end":{"line":105,"column":null}},"3":{"start":{"line":33,"column":6},"end":{"line":44,"column":null}},"4":{"start":{"line":34,"column":8},"end":{"line":44,"column":null}},"5":{"start":{"line":35,"column":29},"end":{"line":35,"column":70}},"6":{"start":{"line":36,"column":10},"end":{"line":41,"column":null}},"7":{"start":{"line":37,"column":38},"end":{"line":40,"column":15}},"8":{"start":{"line":44,"column":10},"end":{"line":44,"column":null}},"9":{"start":{"line":48,"column":6},"end":{"line":58,"column":null}},"10":{"start":{"line":49,"column":8},"end":{"line":58,"column":null}},"11":{"start":{"line":50,"column":30},"end":{"line":50,"column":75}},"12":{"start":{"line":51,"column":10},"end":{"line":56,"column":null}},"13":{"start":{"line":52,"column":39},"end":{"line":55,"column":15}},"14":{"start":{"line":58,"column":10},"end":{"line":58,"column":null}},"15":{"start":{"line":62,"column":6},"end":{"line":72,"column":null}},"16":{"start":{"line":63,"column":8},"end":{"line":72,"column":null}},"17":{"start":{"line":64,"column":30},"end":{"line":64,"column":73}},"18":{"start":{"line":65,"column":10},"end":{"line":70,"column":null}},"19":{"start":{"line":66,"column":39},"end":{"line":69,"column":15}},"20":{"start":{"line":72,"column":10},"end":{"line":72,"column":null}},"21":{"start":{"line":76,"column":6},"end":{"line":86,"column":null}},"22":{"start":{"line":77,"column":8},"end":{"line":85,"column":null}},"23":{"start":{"line":86,"column":8},"end":{"line":86,"column":null}},"24":{"start":{"line":89,"column":6},"end":{"line":89,"column":null}},"25":{"start":{"line":92,"column":6},"end":{"line":105,"column":null}}},"fnMap":{"0":{"name":"validate","decl":{"start":{"line":28,"column":16},"end":{"line":28,"column":25}},"loc":{"start":{"line":28,"column":53},"end":{"line":105,"column":null}},"line":28},"1":{"name":"(anonymous_1)","decl":{"start":{"line":29,"column":2},"end":{"line":29,"column":10}},"loc":{"start":{"line":29,"column":68},"end":{"line":105,"column":null}},"line":29},"2":{"name":"(anonymous_2)","decl":{"start":{"line":37,"column":26},"end":{"line":37,"column":31}},"loc":{"start":{"line":37,"column":38},"end":{"line":40,"column":15}},"line":37},"3":{"name":"(anonymous_3)","decl":{"start":{"line":52,"column":27},"end":{"line":52,"column":32}},"loc":{"start":{"line":52,"column":39},"end":{"line":55,"column":15}},"line":52},"4":{"name":"(anonymous_4)","decl":{"start":{"line":66,"column":27},"end":{"line":66,"column":32}},"loc":{"start":{"line":66,"column":39},"end":{"line":69,"column":15}},"line":66}},"branchMap":{"0":{"loc":{"start":{"line":33,"column":6},"end":{"line":44,"column":null}},"type":"if","locations":[{"start":{"line":33,"column":6},"end":{"line":44,"column":null}},{"start":{},"end":{}}],"line":33},"1":{"loc":{"start":{"line":34,"column":8},"end":{"line":44,"column":null}},"type":"if","locations":[{"start":{"line":34,"column":8},"end":{"line":44,"column":null}},{"start":{"line":42,"column":15},"end":{"line":44,"column":null}}],"line":34},"2":{"loc":{"start":{"line":38,"column":20},"end":{"line":38,"column":null}},"type":"binary-expr","locations":[{"start":{"line":38,"column":20},"end":{"line":38,"column":30}},{"start":{"line":38,"column":30},"end":{"line":38,"column":null}}],"line":38},"3":{"loc":{"start":{"line":48,"column":6},"end":{"line":58,"column":null}},"type":"if","locations":[{"start":{"line":48,"column":6},"end":{"line":58,"column":null}},{"start":{},"end":{}}],"line":48},"4":{"loc":{"start":{"line":49,"column":8},"end":{"line":58,"column":null}},"type":"if","locations":[{"start":{"line":49,"column":8},"end":{"line":58,"column":null}},{"start":{"line":57,"column":15},"end":{"line":58,"column":null}}],"line":49},"5":{"loc":{"start":{"line":53,"column":20},"end":{"line":53,"column":null}},"type":"cond-expr","locations":[{"start":{"line":53,"column":29},"end":{"line":53,"column":49}},{"start":{"line":53,"column":49},"end":{"line":53,"column":null}}],"line":53},"6":{"loc":{"start":{"line":62,"column":6},"end":{"line":72,"column":null}},"type":"if","locations":[{"start":{"line":62,"column":6},"end":{"line":72,"column":null}},{"start":{},"end":{}}],"line":62},"7":{"loc":{"start":{"line":63,"column":8},"end":{"line":72,"column":null}},"type":"if","locations":[{"start":{"line":63,"column":8},"end":{"line":72,"column":null}},{"start":{"line":71,"column":15},"end":{"line":72,"column":null}}],"line":63},"8":{"loc":{"start":{"line":67,"column":20},"end":{"line":67,"column":null}},"type":"cond-expr","locations":[{"start":{"line":67,"column":29},"end":{"line":67,"column":48}},{"start":{"line":67,"column":48},"end":{"line":67,"column":null}}],"line":67},"9":{"loc":{"start":{"line":76,"column":6},"end":{"line":86,"column":null}},"type":"if","locations":[{"start":{"line":76,"column":6},"end":{"line":86,"column":null}},{"start":{},"end":{}}],"line":76},"10":{"loc":{"start":{"line":100,"column":23},"end":{"line":100,"column":null}},"type":"cond-expr","locations":[{"start":{"line":100,"column":48},"end":{"line":100,"column":64}},{"start":{"line":100,"column":64},"end":{"line":100,"column":null}}],"line":100}},"s":{"0":4,"1":0,"2":0,"3":0,"4":0,"5":0,"6":0,"7":0,"8":0,"9":0,"10":0,"11":0,"12":0,"13":0,"14":0,"15":0,"16":0,"17":0,"18":0,"19":0,"20":0,"21":0,"22":0,"23":0,"24":0,"25":0},"f":{"0":4,"1":0,"2":0,"3":0,"4":0},"b":{"0":[0,0],"1":[0,0],"2":[0,0],"3":[0,0],"4":[0,0],"5":[0,0],"6":[0,0],"7":[0,0],"8":[0,0],"9":[0,0],"10":[0,0]},"meta":{"lastBranch":11,"lastFunction":5,"lastStatement":26,"seen":{"f:28:16:28:25":0,"s:29:2:105:Infinity":0,"f:29:2:29:10":1,"s:30:61:30:63":1,"s:32:4:105:Infinity":2,"b:33:6:44:Infinity:undefined:undefined:undefined:undefined":0,"s:33:6:44:Infinity":3,"b:34:8:44:Infinity:42:15:44:Infinity":1,"s:34:8:44:Infinity":4,"s:35:29:35:70":5,"s:36:10:41:Infinity":6,"f:37:26:37:31":2,"s:37:38:40:15":7,"b:38:20:38:30:38:30:38:Infinity":2,"s:44:10:44:Infinity":8,"b:48:6:58:Infinity:undefined:undefined:undefined:undefined":3,"s:48:6:58:Infinity":9,"b:49:8:58:Infinity:57:15:58:Infinity":4,"s:49:8:58:Infinity":10,"s:50:30:50:75":11,"s:51:10:56:Infinity":12,"f:52:27:52:32":3,"s:52:39:55:15":13,"b:53:29:53:49:53:49:53:Infinity":5,"s:58:10:58:Infinity":14,"b:62:6:72:Infinity:undefined:undefined:undefined:undefined":6,"s:62:6:72:Infinity":15,"b:63:8:72:Infinity:71:15:72:Infinity":7,"s:63:8:72:Infinity":16,"s:64:30:64:73":17,"s:65:10:70:Infinity":18,"f:66:27:66:32":4,"s:66:39:69:15":19,"b:67:29:67:48:67:48:67:Infinity":8,"s:72:10:72:Infinity":20,"b:76:6:86:Infinity:undefined:undefined:undefined:undefined":9,"s:76:6:86:Infinity":21,"s:77:8:85:Infinity":22,"s:86:8:86:Infinity":23,"s:89:6:89:Infinity":24,"s:92:6:105:Infinity":25,"b:100:48:100:64:100:64:100:Infinity":10}}}
,"/home/dirk/dev/signalk-backup-server/src/services/kopia-client.ts": {"path":"/home/dirk/dev/signalk-backup-server/src/services/kopia-client.ts","statementMap":{"0":{"start":{"line":8,"column":6},"end":{"line":8,"column":38}},"1":{"start":{"line":9,"column":15},"end":{"line":9,"column":60}},"2":{"start":{"line":12,"column":27},"end":{"line":12,"column":null}},"3":{"start":{"line":15,"column":25},"end":{"line":15,"column":null}},"4":{"start":{"line":86,"column":29},"end":{"line":86,"column":null}},"5":{"start":{"line":94,"column":46},"end":{"line":94,"column":null}},"6":{"start":{"line":95,"column":44},"end":{"line":95,"column":null}},"7":{"start":{"line":98,"column":4},"end":{"line":98,"column":null}},"8":{"start":{"line":99,"column":4},"end":{"line":99,"column":null}},"9":{"start":{"line":100,"column":4},"end":{"line":100,"column":null}},"10":{"start":{"line":108,"column":4},"end":{"line":108,"column":null}},"11":{"start":{"line":116,"column":4},"end":{"line":116,"column":null}},"12":{"start":{"line":117,"column":4},"end":{"line":117,"column":null}},"13":{"start":{"line":124,"column":4},"end":{"line":124,"column":null}},"14":{"start":{"line":125,"column":4},"end":{"line":125,"column":null}},"15":{"start":{"line":133,"column":4},"end":{"line":133,"column":null}},"16":{"start":{"line":134,"column":4},"end":{"line":134,"column":null}},"17":{"start":{"line":136,"column":17},"end":{"line":136,"column":null}},"18":{"start":{"line":138,"column":4},"end":{"line":138,"column":null}},"19":{"start":{"line":140,"column":4},"end":{"line":140,"column":null}},"20":{"start":{"line":148,"column":17},"end":{"line":148,"column":null}},"21":{"start":{"line":150,"column":4},"end":{"line":150,"column":null}},"22":{"start":{"line":152,"column":4},"end":{"line":152,"column":null}},"23":{"start":{"line":156,"column":4},"end":{"line":163,"column":null}},"24":{"start":{"line":157,"column":6},"end":{"line":160,"column":null}},"25":{"start":{"line":161,"column":6},"end":{"line":161,"column":null}},"26":{"start":{"line":163,"column":6},"end":{"line":163,"column":null}},"27":{"start":{"line":168,"column":19},"end":{"line":170,"column":6}},"28":{"start":{"line":171,"column":4},"end":{"line":171,"column":null}},"29":{"start":{"line":175,"column":4},"end":{"line":178,"column":null}},"30":{"start":{"line":188,"column":17},"end":{"line":188,"column":null}},"31":{"start":{"line":190,"column":4},"end":{"line":191,"column":null}},"32":{"start":{"line":191,"column":6},"end":{"line":191,"column":null}},"33":{"start":{"line":194,"column":4},"end":{"line":196,"column":null}},"34":{"start":{"line":195,"column":6},"end":{"line":196,"column":null}},"35":{"start":{"line":196,"column":8},"end":{"line":196,"column":null}},"36":{"start":{"line":200,"column":19},"end":{"line":200,"column":72}},"37":{"start":{"line":203,"column":4},"end":{"line":203,"column":null}},"38":{"start":{"line":212,"column":17},"end":{"line":212,"column":null}},"39":{"start":{"line":214,"column":4},"end":{"line":215,"column":null}},"40":{"start":{"line":215,"column":6},"end":{"line":215,"column":null}},"41":{"start":{"line":218,"column":4},"end":{"line":220,"column":null}},"42":{"start":{"line":219,"column":6},"end":{"line":220,"column":null}},"43":{"start":{"line":220,"column":8},"end":{"line":220,"column":null}},"44":{"start":{"line":224,"column":19},"end":{"line":224,"column":70}},"45":{"start":{"line":229,"column":4},"end":{"line":241,"column":null}},"46":{"start":{"line":230,"column":41},"end":{"line":230,"column":43}},"47":{"start":{"line":231,"column":6},"end":{"line":238,"column":null}},"48":{"start":{"line":232,"column":23},"end":{"line":232,"column":null}},"49":{"start":{"line":233,"column":8},"end":{"line":238,"column":null}},"50":{"start":{"line":235,"column":10},"end":{"line":235,"column":null}},"51":{"start":{"line":236,"column":15},"end":{"line":238,"column":null}},"52":{"start":{"line":238,"column":10},"end":{"line":238,"column":null}},"53":{"start":{"line":241,"column":6},"end":{"line":241,"column":null}},"54":{"start":{"line":244,"column":4},"end":{"line":244,"column":null}},"55":{"start":{"line":248,"column":4},"end":{"line":248,"column":null}},"56":{"start":{"line":250,"column":4},"end":{"line":260,"column":null}},"57":{"start":{"line":262,"column":4},"end":{"line":262,"column":null}},"58":{"start":{"line":271,"column":4},"end":{"line":271,"column":null}},"59":{"start":{"line":273,"column":17},"end":{"line":280,"column":null}},"60":{"start":{"line":282,"column":40},"end":{"line":286,"column":null}},"61":{"start":{"line":288,"column":4},"end":{"line":288,"column":null}},"62":{"start":{"line":290,"column":4},"end":{"line":348,"column":null}},"63":{"start":{"line":291,"column":12},"end":{"line":291,"column":92}},"64":{"start":{"line":293,"column":25},"end":{"line":293,"column":null}},"65":{"start":{"line":294,"column":21},"end":{"line":294,"column":null}},"66":{"start":{"line":296,"column":20},"end":{"line":299,"column":28}},"67":{"start":{"line":297,"column":8},"end":{"line":297,"column":null}},"68":{"start":{"line":298,"column":8},"end":{"line":298,"column":null}},"69":{"start":{"line":301,"column":6},"end":{"line":317,"column":null}},"70":{"start":{"line":302,"column":8},"end":{"line":302,"column":null}},"71":{"start":{"line":304,"column":22},"end":{"line":304,"column":46}},"72":{"start":{"line":305,"column":8},"end":{"line":305,"column":null}},"73":{"start":{"line":307,"column":8},"end":{"line":314,"column":null}},"74":{"start":{"line":308,"column":26},"end":{"line":308,"column":37}},"75":{"start":{"line":309,"column":10},"end":{"line":309,"column":null}},"76":{"start":{"line":309,"column":24},"end":{"line":309,"column":null}},"77":{"start":{"line":310,"column":10},"end":{"line":310,"column":null}},"78":{"start":{"line":312,"column":27},"end":{"line":312,"column":56}},"79":{"start":{"line":313,"column":10},"end":{"line":314,"column":null}},"80":{"start":{"line":314,"column":12},"end":{"line":314,"column":null}},"81":{"start":{"line":319,"column":6},"end":{"line":321,"column":null}},"82":{"start":{"line":323,"column":6},"end":{"line":342,"column":null}},"83":{"start":{"line":324,"column":8},"end":{"line":324,"column":null}},"84":{"start":{"line":327,"column":8},"end":{"line":330,"column":null}},"85":{"start":{"line":328,"column":27},"end":{"line":328,"column":68}},"86":{"start":{"line":329,"column":10},"end":{"line":330,"column":null}},"87":{"start":{"line":330,"column":12},"end":{"line":330,"column":null}},"88":{"start":{"line":334,"column":8},"end":{"line":340,"column":null}},"89":{"start":{"line":335,"column":10},"end":{"line":335,"column":null}},"90":{"start":{"line":336,"column":15},"end":{"line":340,"column":null}},"91":{"start":{"line":337,"column":10},"end":{"line":337,"column":null}},"92":{"start":{"line":339,"column":10},"end":{"line":339,"column":null}},"93":{"start":{"line":340,"column":10},"end":{"line":340,"column":null}},"94":{"start":{"line":344,"column":6},"end":{"line":347,"column":null}},"95":{"start":{"line":345,"column":8},"end":{"line":345,"column":null}},"96":{"start":{"line":346,"column":8},"end":{"line":346,"column":null}},"97":{"start":{"line":352,"column":4},"end":{"line":355,"column":null}},"98":{"start":{"line":357,"column":4},"end":{"line":357,"column":null}},"99":{"start":{"line":361,"column":4},"end":{"line":370,"column":null}},"100":{"start":{"line":362,"column":6},"end":{"line":365,"column":null}},"101":{"start":{"line":367,"column":6},"end":{"line":367,"column":null}},"102":{"start":{"line":369,"column":22},"end":{"line":369,"column":76}},"103":{"start":{"line":370,"column":6},"end":{"line":370,"column":null}},"104":{"start":{"line":375,"column":17},"end":{"line":375,"column":null}},"105":{"start":{"line":377,"column":4},"end":{"line":378,"column":null}},"106":{"start":{"line":378,"column":6},"end":{"line":378,"column":null}},"107":{"start":{"line":380,"column":4},"end":{"line":381,"column":null}},"108":{"start":{"line":381,"column":6},"end":{"line":381,"column":null}},"109":{"start":{"line":383,"column":4},"end":{"line":384,"column":null}},"110":{"start":{"line":384,"column":6},"end":{"line":384,"column":null}},"111":{"start":{"line":386,"column":4},"end":{"line":387,"column":null}},"112":{"start":{"line":387,"column":6},"end":{"line":387,"column":null}},"113":{"start":{"line":389,"column":4},"end":{"line":390,"column":null}},"114":{"start":{"line":390,"column":6},"end":{"line":390,"column":null}},"115":{"start":{"line":392,"column":4},"end":{"line":393,"column":null}},"116":{"start":{"line":393,"column":6},"end":{"line":393,"column":null}},"117":{"start":{"line":396,"column":4},"end":{"line":396,"column":null}},"118":{"start":{"line":397,"column":4},"end":{"line":397,"column":null}},"119":{"start":{"line":406,"column":17},"end":{"line":406,"column":null}},"120":{"start":{"line":407,"column":4},"end":{"line":408,"column":null}},"121":{"start":{"line":408,"column":6},"end":{"line":408,"column":null}},"122":{"start":{"line":410,"column":4},"end":{"line":413,"column":null}},"123":{"start":{"line":414,"column":4},"end":{"line":414,"column":null}},"124":{"start":{"line":421,"column":28},"end":{"line":421,"column":null}},"125":{"start":{"line":422,"column":43},"end":{"line":422,"column":null}},"126":{"start":{"line":427,"column":4},"end":{"line":428,"column":null}},"127":{"start":{"line":428,"column":6},"end":{"line":428,"column":null}},"128":{"start":{"line":431,"column":21},"end":{"line":431,"column":30}},"129":{"start":{"line":432,"column":4},"end":{"line":433,"column":null}},"130":{"start":{"line":433,"column":6},"end":{"line":433,"column":null}},"131":{"start":{"line":436,"column":40},"end":{"line":440,"column":null}},"132":{"start":{"line":442,"column":4},"end":{"line":442,"column":null}},"133":{"start":{"line":444,"column":4},"end":{"line":481,"column":null}},"134":{"start":{"line":445,"column":33},"end":{"line":449,"column":8}},"135":{"start":{"line":451,"column":6},"end":{"line":452,"column":null}},"136":{"start":{"line":452,"column":8},"end":{"line":452,"column":null}},"137":{"start":{"line":455,"column":6},"end":{"line":463,"column":null}},"138":{"start":{"line":456,"column":8},"end":{"line":463,"column":null}},"139":{"start":{"line":457,"column":10},"end":{"line":457,"column":null}},"140":{"start":{"line":459,"column":10},"end":{"line":462,"column":null}},"141":{"start":{"line":463,"column":10},"end":{"line":463,"column":null}},"142":{"start":{"line":467,"column":6},"end":{"line":467,"column":null}},"143":{"start":{"line":469,"column":24},"end":{"line":469,"column":null}},"144":{"start":{"line":470,"column":27},"end":{"line":470,"column":null}},"145":{"start":{"line":472,"column":6},"end":{"line":479,"column":null}},"146":{"start":{"line":481,"column":6},"end":{"line":481,"column":null}},"147":{"start":{"line":495,"column":24},"end":{"line":495,"column":84}},"148":{"start":{"line":496,"column":2},"end":{"line":511,"column":null}},"149":{"start":{"line":497,"column":18},"end":{"line":497,"column":49}},"150":{"start":{"line":498,"column":17},"end":{"line":498,"column":48}},"151":{"start":{"line":501,"column":22},"end":{"line":501,"column":57}},"152":{"start":{"line":502,"column":20},"end":{"line":502,"column":null}},"153":{"start":{"line":503,"column":18},"end":{"line":503,"column":43}},"154":{"start":{"line":505,"column":4},"end":{"line":511,"column":null}},"155":{"start":{"line":514,"column":2},"end":{"line":514,"column":null}},"156":{"start":{"line":518,"column":16},"end":{"line":518,"column":76}},"157":{"start":{"line":519,"column":2},"end":{"line":519,"column":null}},"158":{"start":{"line":519,"column":14},"end":{"line":519,"column":null}},"159":{"start":{"line":521,"column":16},"end":{"line":521,"column":37}},"160":{"start":{"line":522,"column":15},"end":{"line":522,"column":38}},"161":{"start":{"line":524,"column":46},"end":{"line":534,"column":null}},"162":{"start":{"line":536,"column":2},"end":{"line":536,"column":null}},"163":{"start":{"line":539,"column":27},"end":{"line":539,"column":44}}},"fnMap":{"0":{"name":"(anonymous_0)","decl":{"start":{"line":97,"column":2},"end":{"line":97,"column":16}},"loc":{"start":{"line":97,"column":16},"end":{"line":100,"column":null}},"line":97},"1":{"name":"(anonymous_1)","decl":{"start":{"line":107,"column":2},"end":{"line":107,"column":14}},"loc":{"start":{"line":107,"column":38},"end":{"line":108,"column":null}},"line":107},"2":{"name":"(anonymous_2)","decl":{"start":{"line":115,"column":2},"end":{"line":115,"column":20}},"loc":{"start":{"line":115,"column":74},"end":{"line":117,"column":null}},"line":115},"3":{"name":"(anonymous_3)","decl":{"start":{"line":123,"column":2},"end":{"line":123,"column":30}},"loc":{"start":{"line":123,"column":30},"end":{"line":125,"column":null}},"line":123},"4":{"name":"(anonymous_4)","decl":{"start":{"line":132,"column":8},"end":{"line":132,"column":40}},"loc":{"start":{"line":132,"column":40},"end":{"line":140,"column":null}},"line":132},"5":{"name":"(anonymous_5)","decl":{"start":{"line":147,"column":8},"end":{"line":147,"column":43}},"loc":{"start":{"line":147,"column":43},"end":{"line":152,"column":null}},"line":147},"6":{"name":"(anonymous_6)","decl":{"start":{"line":155,"column":8},"end":{"line":155,"column":50}},"loc":{"start":{"line":155,"column":50},"end":{"line":163,"column":null}},"line":155},"7":{"name":"(anonymous_7)","decl":{"start":{"line":167,"column":8},"end":{"line":167,"column":56}},"loc":{"start":{"line":167,"column":56},"end":{"line":171,"column":null}},"line":167},"8":{"name":"(anonymous_8)","decl":{"start":{"line":174,"column":8},"end":{"line":174,"column":46}},"loc":{"start":{"line":174,"column":46},"end":{"line":178,"column":null}},"line":174},"9":{"name":"(anonymous_9)","decl":{"start":{"line":181,"column":8},"end":{"line":181,"column":null}},"loc":{"start":{"line":187,"column":28},"end":{"line":203,"column":null}},"line":187},"10":{"name":"(anonymous_10)","decl":{"start":{"line":206,"column":8},"end":{"line":206,"column":null}},"loc":{"start":{"line":211,"column":30},"end":{"line":244,"column":null}},"line":211},"11":{"name":"(anonymous_11)","decl":{"start":{"line":247,"column":8},"end":{"line":247,"column":24}},"loc":{"start":{"line":247,"column":79},"end":{"line":262,"column":null}},"line":247},"12":{"name":"(anonymous_12)","decl":{"start":{"line":266,"column":8},"end":{"line":266,"column":null}},"loc":{"start":{"line":270,"column":19},"end":{"line":348,"column":null}},"line":270},"13":{"name":"(anonymous_13)","decl":{"start":{"line":290,"column":15},"end":{"line":290,"column":30}},"loc":{"start":{"line":290,"column":50},"end":{"line":348,"column":null}},"line":290},"14":{"name":"(anonymous_14)","decl":{"start":{"line":296,"column":20},"end":{"line":296,"column":37}},"loc":{"start":{"line":296,"column":37},"end":{"line":299,"column":28}},"line":296},"15":{"name":"(anonymous_15)","decl":{"start":{"line":301,"column":22},"end":{"line":301,"column":31}},"loc":{"start":{"line":301,"column":49},"end":{"line":317,"column":null}},"line":301},"16":{"name":"(anonymous_16)","decl":{"start":{"line":319,"column":22},"end":{"line":319,"column":36}},"loc":{"start":{"line":319,"column":36},"end":{"line":321,"column":null}},"line":319},"17":{"name":"(anonymous_17)","decl":{"start":{"line":323,"column":15},"end":{"line":323,"column":25}},"loc":{"start":{"line":323,"column":34},"end":{"line":342,"column":null}},"line":323},"18":{"name":"(anonymous_18)","decl":{"start":{"line":344,"column":15},"end":{"line":344,"column":25}},"loc":{"start":{"line":344,"column":33},"end":{"line":347,"column":null}},"line":344},"19":{"name":"(anonymous_19)","decl":{"start":{"line":351,"column":8},"end":{"line":351,"column":23}},"loc":{"start":{"line":351,"column":58},"end":{"line":357,"column":null}},"line":351},"20":{"name":"(anonymous_20)","decl":{"start":{"line":360,"column":8},"end":{"line":360,"column":23}},"loc":{"start":{"line":360,"column":71},"end":{"line":370,"column":null}},"line":360},"21":{"name":"(anonymous_21)","decl":{"start":{"line":374,"column":8},"end":{"line":374,"column":18}},"loc":{"start":{"line":374,"column":86},"end":{"line":397,"column":null}},"line":374},"22":{"name":"(anonymous_22)","decl":{"start":{"line":405,"column":8},"end":{"line":405,"column":23}},"loc":{"start":{"line":405,"column":53},"end":{"line":414,"column":null}},"line":405},"23":{"name":"(anonymous_23)","decl":{"start":{"line":417,"column":16},"end":{"line":417,"column":null}},"loc":{"start":{"line":420,"column":22},"end":{"line":481,"column":null}},"line":420},"24":{"name":"parseRestoreProgress","decl":{"start":{"line":493,"column":9},"end":{"line":493,"column":30}},"loc":{"start":{"line":493,"column":73},"end":{"line":514,"column":null}},"line":493},"25":{"name":"parseSizeToBytes","decl":{"start":{"line":517,"column":9},"end":{"line":517,"column":26}},"loc":{"start":{"line":517,"column":51},"end":{"line":536,"column":null}},"line":517}},"branchMap":{"0":{"loc":{"start":{"line":183,"column":4},"end":{"line":186,"column":10}},"type":"default-arg","locations":[{"start":{"line":186,"column":8},"end":{"line":186,"column":10}}],"line":183},"1":{"loc":{"start":{"line":190,"column":4},"end":{"line":191,"column":null}},"type":"if","locations":[{"start":{"line":190,"column":4},"end":{"line":191,"column":null}},{"start":{},"end":{}}],"line":190},"2":{"loc":{"start":{"line":194,"column":4},"end":{"line":196,"column":null}},"type":"if","locations":[{"start":{"line":194,"column":4},"end":{"line":196,"column":null}},{"start":{},"end":{}}],"line":194},"3":{"loc":{"start":{"line":207,"column":4},"end":{"line":210,"column":10}},"type":"default-arg","locations":[{"start":{"line":210,"column":8},"end":{"line":210,"column":10}}],"line":207},"4":{"loc":{"start":{"line":214,"column":4},"end":{"line":215,"column":null}},"type":"if","locations":[{"start":{"line":214,"column":4},"end":{"line":215,"column":null}},{"start":{},"end":{}}],"line":214},"5":{"loc":{"start":{"line":218,"column":4},"end":{"line":220,"column":null}},"type":"if","locations":[{"start":{"line":218,"column":4},"end":{"line":220,"column":null}},{"start":{},"end":{}}],"line":218},"6":{"loc":{"start":{"line":229,"column":4},"end":{"line":241,"column":null}},"type":"if","locations":[{"start":{"line":229,"column":4},"end":{"line":241,"column":null}},{"start":{},"end":{}}],"line":229},"7":{"loc":{"start":{"line":233,"column":8},"end":{"line":238,"column":null}},"type":"if","locations":[{"start":{"line":233,"column":8},"end":{"line":238,"column":null}},{"start":{"line":236,"column":15},"end":{"line":238,"column":null}}],"line":233},"8":{"loc":{"start":{"line":233,"column":12},"end":{"line":233,"column":53}},"type":"binary-expr","locations":[{"start":{"line":233,"column":12},"end":{"line":233,"column":22}},{"start":{"line":233,"column":22},"end":{"line":233,"column":53}}],"line":233},"9":{"loc":{"start":{"line":236,"column":15},"end":{"line":238,"column":null}},"type":"if","locations":[{"start":{"line":236,"column":15},"end":{"line":238,"column":null}},{"start":{},"end":{}}],"line":236},"10":{"loc":{"start":{"line":236,"column":19},"end":{"line":236,"column":77}},"type":"binary-expr","locations":[{"start":{"line":236,"column":19},"end":{"line":236,"column":29}},{"start":{"line":236,"column":29},"end":{"line":236,"column":62}},{"start":{"line":236,"column":62},"end":{"line":236,"column":77}}],"line":236},"11":{"loc":{"start":{"line":284,"column":25},"end":{"line":284,"column":null}},"type":"binary-expr","locations":[{"start":{"line":284,"column":25},"end":{"line":284,"column":52}},{"start":{"line":284,"column":52},"end":{"line":284,"column":null}}],"line":284},"12":{"loc":{"start":{"line":285,"column":22},"end":{"line":285,"column":null}},"type":"binary-expr","locations":[{"start":{"line":285,"column":22},"end":{"line":285,"column":47}},{"start":{"line":285,"column":47},"end":{"line":285,"column":null}}],"line":285},"13":{"loc":{"start":{"line":305,"column":23},"end":{"line":305,"column":null}},"type":"binary-expr","locations":[{"start":{"line":305,"column":23},"end":{"line":305,"column":34}},{"start":{"line":305,"column":38},"end":{"line":305,"column":null}}],"line":305},"14":{"loc":{"start":{"line":309,"column":10},"end":{"line":309,"column":null}},"type":"if","locations":[{"start":{"line":309,"column":10},"end":{"line":309,"column":null}},{"start":{},"end":{}}],"line":309},"15":{"loc":{"start":{"line":313,"column":10},"end":{"line":314,"column":null}},"type":"if","locations":[{"start":{"line":313,"column":10},"end":{"line":314,"column":null}},{"start":{},"end":{}}],"line":313},"16":{"loc":{"start":{"line":327,"column":8},"end":{"line":330,"column":null}},"type":"if","locations":[{"start":{"line":327,"column":8},"end":{"line":330,"column":null}},{"start":{},"end":{}}],"line":327},"17":{"loc":{"start":{"line":329,"column":10},"end":{"line":330,"column":null}},"type":"if","locations":[{"start":{"line":329,"column":10},"end":{"line":330,"column":null}},{"start":{},"end":{}}],"line":329},"18":{"loc":{"start":{"line":334,"column":8},"end":{"line":340,"column":null}},"type":"if","locations":[{"start":{"line":334,"column":8},"end":{"line":340,"column":null}},{"start":{"line":336,"column":15},"end":{"line":340,"column":null}}],"line":334},"19":{"loc":{"start":{"line":336,"column":15},"end":{"line":340,"column":null}},"type":"if","locations":[{"start":{"line":336,"column":15},"end":{"line":340,"column":null}},{"start":{"line":338,"column":15},"end":{"line":340,"column":null}}],"line":336},"20":{"loc":{"start":{"line":369,"column":22},"end":{"line":369,"column":76}},"type":"cond-expr","locations":[{"start":{"line":369,"column":47},"end":{"line":369,"column":63}},{"start":{"line":369,"column":63},"end":{"line":369,"column":76}}],"line":369},"21":{"loc":{"start":{"line":377,"column":4},"end":{"line":378,"column":null}},"type":"if","locations":[{"start":{"line":377,"column":4},"end":{"line":378,"column":null}},{"start":{},"end":{}}],"line":377},"22":{"loc":{"start":{"line":380,"column":4},"end":{"line":381,"column":null}},"type":"if","locations":[{"start":{"line":380,"column":4},"end":{"line":381,"column":null}},{"start":{},"end":{}}],"line":380},"23":{"loc":{"start":{"line":383,"column":4},"end":{"line":384,"column":null}},"type":"if","locations":[{"start":{"line":383,"column":4},"end":{"line":384,"column":null}},{"start":{},"end":{}}],"line":383},"24":{"loc":{"start":{"line":386,"column":4},"end":{"line":387,"column":null}},"type":"if","locations":[{"start":{"line":386,"column":4},"end":{"line":387,"column":null}},{"start":{},"end":{}}],"line":386},"25":{"loc":{"start":{"line":389,"column":4},"end":{"line":390,"column":null}},"type":"if","locations":[{"start":{"line":389,"column":4},"end":{"line":390,"column":null}},{"start":{},"end":{}}],"line":389},"26":{"loc":{"start":{"line":392,"column":4},"end":{"line":393,"column":null}},"type":"if","locations":[{"start":{"line":392,"column":4},"end":{"line":393,"column":null}},{"start":{},"end":{}}],"line":392},"27":{"loc":{"start":{"line":405,"column":23},"end":{"line":405,"column":53}},"type":"default-arg","locations":[{"start":{"line":405,"column":31},"end":{"line":405,"column":53}}],"line":405},"28":{"loc":{"start":{"line":407,"column":4},"end":{"line":408,"column":null}},"type":"if","locations":[{"start":{"line":407,"column":4},"end":{"line":408,"column":null}},{"start":{},"end":{}}],"line":407},"29":{"loc":{"start":{"line":419,"column":4},"end":{"line":419,"column":54}},"type":"default-arg","locations":[{"start":{"line":419,"column":52},"end":{"line":419,"column":54}}],"line":419},"30":{"loc":{"start":{"line":421,"column":12},"end":{"line":421,"column":28}},"type":"default-arg","locations":[{"start":{"line":421,"column":19},"end":{"line":421,"column":28}}],"line":421},"31":{"loc":{"start":{"line":422,"column":10},"end":{"line":422,"column":43}},"type":"default-arg","locations":[{"start":{"line":422,"column":20},"end":{"line":422,"column":43}}],"line":422},"32":{"loc":{"start":{"line":427,"column":4},"end":{"line":428,"column":null}},"type":"if","locations":[{"start":{"line":427,"column":4},"end":{"line":428,"column":null}},{"start":{},"end":{}}],"line":427},"33":{"loc":{"start":{"line":427,"column":8},"end":{"line":427,"column":65}},"type":"binary-expr","locations":[{"start":{"line":427,"column":8},"end":{"line":427,"column":35}},{"start":{"line":427,"column":35},"end":{"line":427,"column":65}}],"line":427},"34":{"loc":{"start":{"line":432,"column":4},"end":{"line":433,"column":null}},"type":"if","locations":[{"start":{"line":432,"column":4},"end":{"line":433,"column":null}},{"start":{},"end":{}}],"line":432},"35":{"loc":{"start":{"line":438,"column":25},"end":{"line":438,"column":null}},"type":"binary-expr","locations":[{"start":{"line":438,"column":25},"end":{"line":438,"column":52}},{"start":{"line":438,"column":52},"end":{"line":438,"column":null}}],"line":438},"36":{"loc":{"start":{"line":439,"column":22},"end":{"line":439,"column":null}},"type":"binary-expr","locations":[{"start":{"line":439,"column":22},"end":{"line":439,"column":47}},{"start":{"line":439,"column":47},"end":{"line":439,"column":null}}],"line":439},"37":{"loc":{"start":{"line":451,"column":6},"end":{"line":452,"column":null}},"type":"if","locations":[{"start":{"line":451,"column":6},"end":{"line":452,"column":null}},{"start":{},"end":{}}],"line":451},"38":{"loc":{"start":{"line":451,"column":10},"end":{"line":451,"column":33}},"type":"binary-expr","locations":[{"start":{"line":451,"column":10},"end":{"line":451,"column":20}},{"start":{"line":451,"column":20},"end":{"line":451,"column":33}}],"line":451},"39":{"loc":{"start":{"line":455,"column":6},"end":{"line":463,"column":null}},"type":"if","locations":[{"start":{"line":455,"column":6},"end":{"line":463,"column":null}},{"start":{},"end":{}}],"line":455},"40":{"loc":{"start":{"line":455,"column":10},"end":{"line":455,"column":41}},"type":"binary-expr","locations":[{"start":{"line":455,"column":10},"end":{"line":455,"column":18}},{"start":{"line":455,"column":18},"end":{"line":455,"column":28}},{"start":{"line":455,"column":28},"end":{"line":455,"column":41}}],"line":455},"41":{"loc":{"start":{"line":470,"column":27},"end":{"line":470,"column":null}},"type":"binary-expr","locations":[{"start":{"line":470,"column":27},"end":{"line":470,"column":51}},{"start":{"line":470,"column":55},"end":{"line":470,"column":76}},{"start":{"line":470,"column":76},"end":{"line":470,"column":null}}],"line":470},"42":{"loc":{"start":{"line":496,"column":2},"end":{"line":511,"column":null}},"type":"if","locations":[{"start":{"line":496,"column":2},"end":{"line":511,"column":null}},{"start":{},"end":{}}],"line":496},"43":{"loc":{"start":{"line":502,"column":20},"end":{"line":502,"column":null}},"type":"binary-expr","locations":[{"start":{"line":502,"column":20},"end":{"line":502,"column":38}},{"start":{"line":502,"column":38},"end":{"line":502,"column":null}}],"line":502},"44":{"loc":{"start":{"line":519,"column":2},"end":{"line":519,"column":null}},"type":"if","locations":[{"start":{"line":519,"column":2},"end":{"line":519,"column":null}},{"start":{},"end":{}}],"line":519},"45":{"loc":{"start":{"line":536,"column":29},"end":{"line":536,"column":53}},"type":"binary-expr","locations":[{"start":{"line":536,"column":29},"end":{"line":536,"column":50}},{"start":{"line":536,"column":50},"end":{"line":536,"column":53}}],"line":536}},"s":{"0":1,"1":1,"2":1,"3":1,"4":1,"5":1,"6":1,"7":1,"8":1,"9":1,"10":6,"11":0,"12":0,"13":0,"14":0,"15":0,"16":0,"17":0,"18":0,"19":0,"20":0,"21":0,"22":0,"23":2,"24":2,"25":1,"26":1,"27":0,"28":0,"29":0,"30":0,"31":0,"32":0,"33":0,"34":0,"35":0,"36":0,"37":0,"38":0,"39":0,"40":0,"41":0,"42":0,"43":0,"44":0,"45":0,"46":0,"47":0,"48":0,"49":0,"50":0,"51":0,"52":0,"53":0,"54":0,"55":0,"56":0,"57":0,"58":0,"59":0,"60":0,"61":0,"62":0,"63":0,"64":0,"65":0,"66":0,"67":0,"68":0,"69":0,"70":0,"71":0,"72":0,"73":0,"74":0,"75":0,"76":0,"77":0,"78":0,"79":0,"80":0,"81":0,"82":0,"83":0,"84":0,"85":0,"86":0,"87":0,"88":0,"89":0,"90":0,"91":0,"92":0,"93":0,"94":0,"95":0,"96":0,"97":0,"98":0,"99":0,"100":0,"101":0,"102":0,"103":0,"104":0,"105":0,"106":0,"107":0,"108":0,"109":0,"110":0,"111":0,"112":0,"113":0,"114":0,"115":0,"116":0,"117":0,"118":0,"119":0,"120":0,"121":0,"122":0,"123":0,"124":2,"125":2,"126":2,"127":0,"128":2,"129":2,"130":0,"131":2,"132":2,"133":2,"134":2,"135":1,"136":0,"137":1,"138":0,"139":0,"140":0,"141":0,"142":1,"143":1,"144":1,"145":1,"146":1,"147":0,"148":0,"149":0,"150":0,"151":0,"152":0,"153":0,"154":0,"155":0,"156":0,"157":0,"158":0,"159":0,"160":0,"161":0,"162":0,"163":1},"f":{"0":1,"1":6,"2":0,"3":0,"4":0,"5":0,"6":2,"7":0,"8":0,"9":0,"10":0,"11":0,"12":0,"13":0,"14":0,"15":0,"16":0,"17":0,"18":0,"19":0,"20":0,"21":0,"22":0,"23":2,"24":0,"25":0},"b":{"0":[0],"1":[0,0],"2":[0,0],"3":[0],"4":[0,0],"5":[0,0],"6":[0,0],"7":[0,0],"8":[0,0],"9":[0,0],"10":[0,0,0],"11":[0,0],"12":[0,0],"13":[0,0],"14":[0,0],"15":[0,0],"16":[0,0],"17":[0,0],"18":[0,0],"19":[0,0],"20":[0,0],"21":[0,0],"22":[0,0],"23":[0,0],"24":[0,0],"25":[0,0],"26":[0,0],"27":[0],"28":[0,0],"29":[2],"30":[2],"31":[2],"32":[0,2],"33":[2,0],"34":[0,2],"35":[2,2],"36":[2,2],"37":[0,1],"38":[1,0],"39":[0,1],"40":[1,0,0],"41":[1,1,0],"42":[0,0],"43":[0,0],"44":[0,0],"45":[0,0]},"meta":{"lastBranch":46,"lastFunction":26,"lastStatement":164,"seen":{"s:8:6:8:38":0,"s:9:15:9:60":1,"s:12:27:12:Infinity":2,"s:15:25:15:Infinity":3,"s:86:29:86:Infinity":4,"s:94:46:94:Infinity":5,"s:95:44:95:Infinity":6,"f:97:2:97:16":0,"s:98:4:98:Infinity":7,"s:99:4:99:Infinity":8,"s:100:4:100:Infinity":9,"f:107:2:107:14":1,"s:108:4:108:Infinity":10,"f:115:2:115:20":2,"s:116:4:116:Infinity":11,"s:117:4:117:Infinity":12,"f:123:2:123:30":3,"s:124:4:124:Infinity":13,"s:125:4:125:Infinity":14,"f:132:8:132:40":4,"s:133:4:133:Infinity":15,"s:134:4:134:Infinity":16,"s:136:17:136:Infinity":17,"s:138:4:138:Infinity":18,"s:140:4:140:Infinity":19,"f:147:8:147:43":5,"s:148:17:148:Infinity":20,"s:150:4:150:Infinity":21,"s:152:4:152:Infinity":22,"f:155:8:155:50":6,"s:156:4:163:Infinity":23,"s:157:6:160:Infinity":24,"s:161:6:161:Infinity":25,"s:163:6:163:Infinity":26,"f:167:8:167:56":7,"s:168:19:170:6":27,"s:171:4:171:Infinity":28,"f:174:8:174:46":8,"s:175:4:178:Infinity":29,"f:181:8:181:Infinity":9,"b:186:8:186:10":0,"s:188:17:188:Infinity":30,"b:190:4:191:Infinity:undefined:undefined:undefined:undefined":1,"s:190:4:191:Infinity":31,"s:191:6:191:Infinity":32,"b:194:4:196:Infinity:undefined:undefined:undefined:undefined":2,"s:194:4:196:Infinity":33,"s:195:6:196:Infinity":34,"s:196:8:196:Infinity":35,"s:200:19:200:72":36,"s:203:4:203:Infinity":37,"f:206:8:206:Infinity":10,"b:210:8:210:10":3,"s:212:17:212:Infinity":38,"b:214:4:215:Infinity:undefined:undefined:undefined:undefined":4,"s:214:4:215:Infinity":39,"s:215:6:215:Infinity":40,"b:218:4:220:Infinity:undefined:undefined:undefined:undefined":5,"s:218:4:220:Infinity":41,"s:219:6:220:Infinity":42,"s:220:8:220:Infinity":43,"s:224:19:224:70":44,"b:229:4:241:Infinity:undefined:undefined:undefined:undefined":6,"s:229:4:241:Infinity":45,"s:230:41:230:43":46,"s:231:6:238:Infinity":47,"s:232:23:232:Infinity":48,"b:233:8:238:Infinity:236:15:238:Infinity":7,"s:233:8:238:Infinity":49,"b:233:12:233:22:233:22:233:53":8,"s:235:10:235:Infinity":50,"b:236:15:238:Infinity:undefined:undefined:undefined:undefined":9,"s:236:15:238:Infinity":51,"b:236:19:236:29:236:29:236:62:236:62:236:77":10,"s:238:10:238:Infinity":52,"s:241:6:241:Infinity":53,"s:244:4:244:Infinity":54,"f:247:8:247:24":11,"s:248:4:248:Infinity":55,"s:250:4:260:Infinity":56,"s:262:4:262:Infinity":57,"f:266:8:266:Infinity":12,"s:271:4:271:Infinity":58,"s:273:17:280:Infinity":59,"s:282:40:286:Infinity":60,"b:284:25:284:52:284:52:284:Infinity":11,"b:285:22:285:47:285:47:285:Infinity":12,"s:288:4:288:Infinity":61,"s:290:4:348:Infinity":62,"f:290:15:290:30":13,"s:291:12:291:92":63,"s:293:25:293:Infinity":64,"s:294:21:294:Infinity":65,"s:296:20:299:28":66,"f:296:20:296:37":14,"s:297:8:297:Infinity":67,"s:298:8:298:Infinity":68,"s:301:6:317:Infinity":69,"f:301:22:301:31":15,"s:302:8:302:Infinity":70,"s:304:22:304:46":71,"s:305:8:305:Infinity":72,"b:305:23:305:34:305:38:305:Infinity":13,"s:307:8:314:Infinity":73,"s:308:26:308:37":74,"b:309:10:309:Infinity:undefined:undefined:undefined:undefined":14,"s:309:10:309:Infinity":75,"s:309:24:309:Infinity":76,"s:310:10:310:Infinity":77,"s:312:27:312:56":78,"b:313:10:314:Infinity:undefined:undefined:undefined:undefined":15,"s:313:10:314:Infinity":79,"s:314:12:314:Infinity":80,"s:319:6:321:Infinity":81,"f:319:22:319:36":16,"s:323:6:342:Infinity":82,"f:323:15:323:25":17,"s:324:8:324:Infinity":83,"b:327:8:330:Infinity:undefined:undefined:undefined:undefined":16,"s:327:8:330:Infinity":84,"s:328:27:328:68":85,"b:329:10:330:Infinity:undefined:undefined:undefined:undefined":17,"s:329:10:330:Infinity":86,"s:330:12:330:Infinity":87,"b:334:8:340:Infinity:336:15:340:Infinity":18,"s:334:8:340:Infinity":88,"s:335:10:335:Infinity":89,"b:336:15:340:Infinity:338:15:340:Infinity":19,"s:336:15:340:Infinity":90,"s:337:10:337:Infinity":91,"s:339:10:339:Infinity":92,"s:340:10:340:Infinity":93,"s:344:6:347:Infinity":94,"f:344:15:344:25":18,"s:345:8:345:Infinity":95,"s:346:8:346:Infinity":96,"f:351:8:351:23":19,"s:352:4:355:Infinity":97,"s:357:4:357:Infinity":98,"f:360:8:360:23":20,"s:361:4:370:Infinity":99,"s:362:6:365:Infinity":100,"s:367:6:367:Infinity":101,"s:369:22:369:76":102,"b:369:47:369:63:369:63:369:76":20,"s:370:6:370:Infinity":103,"f:374:8:374:18":21,"s:375:17:375:Infinity":104,"b:377:4:378:Infinity:undefined:undefined:undefined:undefined":21,"s:377:4:378:Infinity":105,"s:378:6:378:Infinity":106,"b:380:4:381:Infinity:undefined:undefined:undefined:undefined":22,"s:380:4:381:Infinity":107,"s:381:6:381:Infinity":108,"b:383:4:384:Infinity:undefined:undefined:undefined:undefined":23,"s:383:4:384:Infinity":109,"s:384:6:384:Infinity":110,"b:386:4:387:Infinity:undefined:undefined:undefined:undefined":24,"s:386:4:387:Infinity":111,"s:387:6:387:Infinity":112,"b:389:4:390:Infinity:undefined:undefined:undefined:undefined":25,"s:389:4:390:Infinity":113,"s:390:6:390:Infinity":114,"b:392:4:393:Infinity:undefined:undefined:undefined:undefined":26,"s:392:4:393:Infinity":115,"s:393:6:393:Infinity":116,"s:396:4:396:Infinity":117,"s:397:4:397:Infinity":118,"f:405:8:405:23":22,"b:405:31:405:53":27,"s:406:17:406:Infinity":119,"b:407:4:408:Infinity:undefined:undefined:undefined:undefined":28,"s:407:4:408:Infinity":120,"s:408:6:408:Infinity":121,"s:410:4:413:Infinity":122,"s:414:4:414:Infinity":123,"f:417:16:417:Infinity":23,"b:419:52:419:54":29,"s:421:28:421:Infinity":124,"b:421:19:421:28":30,"s:422:43:422:Infinity":125,"b:422:20:422:43":31,"b:427:4:428:Infinity:undefined:undefined:undefined:undefined":32,"s:427:4:428:Infinity":126,"b:427:8:427:35:427:35:427:65":33,"s:428:6:428:Infinity":127,"s:431:21:431:30":128,"b:432:4:433:Infinity:undefined:undefined:undefined:undefined":34,"s:432:4:433:Infinity":129,"s:433:6:433:Infinity":130,"s:436:40:440:Infinity":131,"b:438:25:438:52:438:52:438:Infinity":35,"b:439:22:439:47:439:47:439:Infinity":36,"s:442:4:442:Infinity":132,"s:444:4:481:Infinity":133,"s:445:33:449:8":134,"b:451:6:452:Infinity:undefined:undefined:undefined:undefined":37,"s:451:6:452:Infinity":135,"b:451:10:451:20:451:20:451:33":38,"s:452:8:452:Infinity":136,"b:455:6:463:Infinity:undefined:undefined:undefined:undefined":39,"s:455:6:463:Infinity":137,"b:455:10:455:18:455:18:455:28:455:28:455:41":40,"s:456:8:463:Infinity":138,"s:457:10:457:Infinity":139,"s:459:10:462:Infinity":140,"s:463:10:463:Infinity":141,"s:467:6:467:Infinity":142,"s:469:24:469:Infinity":143,"s:470:27:470:Infinity":144,"b:470:27:470:51:470:55:470:76:470:76:470:Infinity":41,"s:472:6:479:Infinity":145,"s:481:6:481:Infinity":146,"f:493:9:493:30":24,"s:495:24:495:84":147,"b:496:2:511:Infinity:undefined:undefined:undefined:undefined":42,"s:496:2:511:Infinity":148,"s:497:18:497:49":149,"s:498:17:498:48":150,"s:501:22:501:57":151,"s:502:20:502:Infinity":152,"b:502:20:502:38:502:38:502:Infinity":43,"s:503:18:503:43":153,"s:505:4:511:Infinity":154,"s:514:2:514:Infinity":155,"f:517:9:517:26":25,"s:518:16:518:76":156,"b:519:2:519:Infinity:undefined:undefined:undefined:undefined":44,"s:519:2:519:Infinity":157,"s:519:14:519:Infinity":158,"s:521:16:521:37":159,"s:522:15:522:38":160,"s:524:46:534:Infinity":161,"s:536:2:536:Infinity":162,"b:536:29:536:50:536:50:536:53":45,"s:539:27:539:44":163}}}
}
